[ 2017-07-30T17:19:45+08:00 ] 127.0.0.1 /index.php/Home/Index/index
ERR: 1054:Unknown column 'role.role_id' in 'where clause'
 [ SQL语句 ] : SELECT news.role_id,role.role_name,COUNT(news.role_id) as rank  
                FROM news,role WHERE del_flag=0 AND news.cate_id=role.role_id 
                GROUP BY role_id ORDER BY rank DESC

[ 2017-07-30T17:20:35+08:00 ] 127.0.0.1 /index.php/Home/Index/index
ERR: 1054:Unknown column 'role.role_id' in 'where clause'
 [ SQL语句 ] : SELECT news.role_id,role.role_name,COUNT(news.role_id) as rank  
                FROM news,role WHERE del_flag=0 AND news.role_id=role.role_id 
                GROUP BY role_id ORDER BY rank DESC

[ 2017-07-30T17:20:36+08:00 ] 127.0.0.1 /index.php/Home/Index/index
ERR: 1054:Unknown column 'role.role_id' in 'where clause'
 [ SQL语句 ] : SELECT news.role_id,role.role_name,COUNT(news.role_id) as rank  
                FROM news,role WHERE del_flag=0 AND news.role_id=role.role_id 
                GROUP BY role_id ORDER BY rank DESC

[ 2017-07-30T17:20:37+08:00 ] 127.0.0.1 /index.php/Home/Index/index
ERR: 1054:Unknown column 'role.role_id' in 'where clause'
 [ SQL语句 ] : SELECT news.role_id,role.role_name,COUNT(news.role_id) as rank  
                FROM news,role WHERE del_flag=0 AND news.role_id=role.role_id 
                GROUP BY role_id ORDER BY rank DESC

[ 2017-07-30T17:21:30+08:00 ] 127.0.0.1 /index.php/Home/Index/index
ERR: 1054:Unknown column 'role.role_id' in 'where clause'
 [ SQL语句 ] : SELECT news.role_id,role.role_name,COUNT(news.role_id) as rank  
                FROM news,role WHERE del_flag=0 AND news.role_id=role.role_id 
                GROUP BY role_id ORDER BY rank DESC

[ 2017-07-30T17:21:32+08:00 ] 127.0.0.1 /index.php/Home/Index/index
ERR: 1054:Unknown column 'role.role_id' in 'where clause'
 [ SQL语句 ] : SELECT news.role_id,role.role_name,COUNT(news.role_id) as rank  
                FROM news,role WHERE del_flag=0 AND news.role_id=role.role_id 
                GROUP BY role_id ORDER BY rank DESC

[ 2017-07-30T17:21:32+08:00 ] 127.0.0.1 /index.php/Home/Index/index
ERR: 1054:Unknown column 'role.role_id' in 'where clause'
 [ SQL语句 ] : SELECT news.role_id,role.role_name,COUNT(news.role_id) as rank  
                FROM news,role WHERE del_flag=0 AND news.role_id=role.role_id 
                GROUP BY role_id ORDER BY rank DESC

[ 2017-07-30T17:21:32+08:00 ] 127.0.0.1 /index.php/Home/Index/index
ERR: 1054:Unknown column 'role.role_id' in 'where clause'
 [ SQL语句 ] : SELECT news.role_id,role.role_name,COUNT(news.role_id) as rank  
                FROM news,role WHERE del_flag=0 AND news.role_id=role.role_id 
                GROUP BY role_id ORDER BY rank DESC

[ 2017-07-30T17:21:33+08:00 ] 127.0.0.1 /index.php/Home/Index/index
ERR: 1054:Unknown column 'role.role_id' in 'where clause'
 [ SQL语句 ] : SELECT news.role_id,role.role_name,COUNT(news.role_id) as rank  
                FROM news,role WHERE del_flag=0 AND news.role_id=role.role_id 
                GROUP BY role_id ORDER BY rank DESC

[ 2017-07-30T17:21:33+08:00 ] 127.0.0.1 /index.php/Home/Index/index
ERR: 1054:Unknown column 'role.role_id' in 'where clause'
 [ SQL语句 ] : SELECT news.role_id,role.role_name,COUNT(news.role_id) as rank  
                FROM news,role WHERE del_flag=0 AND news.role_id=role.role_id 
                GROUP BY role_id ORDER BY rank DESC

[ 2017-07-30T18:03:12+08:00 ] 127.0.0.1 /index.php/Home/File/download_file/id/5.html
ERR: D:\Software\wamp\wamp64\www\thinkphpdemo\news/Public/Uploads/files/2017-07-29/课程材料.rar下载文件不存在！

[ 2017-07-30T18:03:15+08:00 ] 127.0.0.1 /index.php/Home/File/download_file/id/1.html
ERR: D:\Software\wamp\wamp64\www\thinkphpdemo\news/Public/Uploads/files/下载文件不存在！

